<?xml version="1.0" encoding="utf-8"?><testsuites name="pytest tests"><testsuite name="pytest" errors="0" failures="0" skipped="2" tests="22" time="10.206" timestamp="2026-08-14T00:39:30.705067+00:00" hostname="agent-env-4360db21-8e9f-43f9-9458-b6dbe2dd3c8e"><testcase classname="backend.tests.test_enhancements.TestStripeCheckout" name="test_checkout_appforge_success" time="2.148" /><testcase classname="backend.tests.test_enhancements.TestStripeCheckout" name="test_checkout_coming_soon_400" time="0.178" /><testcase classname="backend.tests.test_enhancements.TestStripeCheckout" name="test_checkout_free_400" time="0.146" /><testcase classname="backend.tests.test_enhancements.TestStripeCheckout" name="test_checkout_unknown_404" time="0.153" /><testcase classname="backend.tests.test_enhancements.TestStripeCheckout" name="test_checkout_persists_transaction_and_status" time="0.955" /><testcase classname="backend.tests.test_enhancements.TestStripeCheckout" name="test_status_unknown_404" time="0.158" /><testcase classname="backend.tests.test_enhancements.TestStripeCheckout" name="test_webhook_missing_signature" time="0.196" /><testcase classname="backend.tests.test_enhancements.TestEmails" name="test_waitlist_triggers_email_and_is_idempotent" time="1.883"><skipped type="pytest.skip" message="Email console log line not observable — trillion.email logger not configured (see report)">/app/backend/tests/test_enhancements.py:113: Email console log line not observable — trillion.email logger not configured (see report)</skipped></testcase><testcase classname="backend.tests.test_enhancements.TestEmails" name="test_forgot_password_logs" time="1.185"><skipped type="pytest.skip" message="Password reset log line not observable — logger 'trillion' not configured (see report)">/app/backend/tests/test_enhancements.py:130: Password reset log line not observable — logger 'trillion' not configured (see report)</skipped></testcase><testcase classname="backend.tests.test_enhancements.TestUploads" name="test_upload_requires_admin" time="0.639" /><testcase classname="backend.tests.test_enhancements.TestUploads" name="test_upload_admin_success" time="0.257" /><testcase classname="backend.tests.test_enhancements.TestUploads" name="test_upload_invalid_base64" time="0.111" /><testcase classname="backend.tests.test_enhancements.TestUploads" name="test_upload_wrong_content_type" time="0.086" /><testcase classname="backend.tests.test_enhancements.TestUploads" name="test_upload_too_large" time="0.710" /><testcase classname="backend.tests.test_enhancements.TestAnalytics" name="test_track_event_ok" time="0.158" /><testcase classname="backend.tests.test_enhancements.TestAnalytics" name="test_track_unknown_event_silent_ok" time="0.182" /><testcase classname="backend.tests.test_enhancements.TestAnalytics" name="test_analytics_requires_auth" time="0.162" /><testcase classname="backend.tests.test_enhancements.TestAnalytics" name="test_analytics_admin" time="0.104" /><testcase classname="backend.tests.test_enhancements.TestAdminStatsExtended" name="test_new_keys" time="0.098" /><testcase classname="backend.tests.test_enhancements.TestAccount" name="test_entitlements_requires_auth" time="0.162" /><testcase classname="backend.tests.test_enhancements.TestAccount" name="test_transactions_requires_auth" time="0.144" /><testcase classname="backend.tests.test_enhancements.TestAccount" name="test_fresh_customer_empty" time="0.184" /></testsuite></testsuites>