<?xml version="1.0" encoding="utf-8"?><testsuites name="pytest tests"><testsuite name="pytest" errors="0" failures="2" skipped="0" tests="22" time="11.346" timestamp="2026-08-14T00:17:19.485596+00:00" hostname="agent-env-4360db21-8e9f-43f9-9458-b6dbe2dd3c8e"><testcase classname="backend.tests.backend_test" name="test_health" time="0.554" /><testcase classname="backend.tests.backend_test" name="test_products_list" time="0.097" /><testcase classname="backend.tests.backend_test" name="test_products_filter_category" time="0.092" /><testcase classname="backend.tests.backend_test" name="test_products_filter_status" time="0.110" /><testcase classname="backend.tests.backend_test" name="test_products_filter_featured" time="0.083" /><testcase classname="backend.tests.backend_test" name="test_products_search_nodefall" time="0.084" /><testcase classname="backend.tests.backend_test" name="test_product_detail" time="0.090" /><testcase classname="backend.tests.backend_test" name="test_product_detail_404" time="0.082" /><testcase classname="backend.tests.backend_test" name="test_register_and_me" time="0.698"><failure message="AssertionError: assert 'test_reg_092...b@example.com' == 'TEST_reg_092...b@example.com'&#10;  &#10;  - TEST_reg_0921c48b@example.com&#10;  ? ^^^^&#10;  + test_reg_0921c48b@example.com&#10;  ? ^^^^">backend/tests/backend_test.py:119: in test_register_and_me
    assert r.json()["email"] == email
E   AssertionError: assert 'test_reg_092...b@example.com' == 'TEST_reg_092...b@example.com'
E     
E     - TEST_reg_0921c48b@example.com
E     ? ^^^^
E     + test_reg_0921c48b@example.com
E     ? ^^^^</failure></testcase><testcase classname="backend.tests.backend_test" name="test_register_duplicate" time="0.680" /><testcase classname="backend.tests.backend_test" name="test_admin_login" time="0.622" /><testcase classname="backend.tests.backend_test" name="test_login_wrong_password" time="0.549" /><testcase classname="backend.tests.backend_test" name="test_brute_force_lockout" time="4.227"><failure message="AssertionError: no lockout observed: [401, 401, 401, 401, 401, 401]&#10;assert 429 in [401, 401, 401, 401, 401, 401]">backend/tests/backend_test.py:152: in test_brute_force_lockout
    assert 429 in codes, f"no lockout observed: {codes}"
E   AssertionError: no lockout observed: [401, 401, 401, 401, 401, 401]
E   assert 429 in [401, 401, 401, 401, 401, 401]</failure></testcase><testcase classname="backend.tests.backend_test" name="test_me_unauth" time="0.187" /><testcase classname="backend.tests.backend_test" name="test_logout" time="0.490" /><testcase classname="backend.tests.backend_test" name="test_waitlist" time="0.459" /><testcase classname="backend.tests.backend_test" name="test_contact" time="0.242" /><testcase classname="backend.tests.backend_test" name="test_search" time="0.230" /><testcase classname="backend.tests.backend_test" name="test_admin_stats_unauth" time="0.216" /><testcase classname="backend.tests.backend_test" name="test_admin_stats" time="0.085" /><testcase classname="backend.tests.backend_test" name="test_admin_create_forbidden_for_customer" time="0.068" /><testcase classname="backend.tests.backend_test" name="test_admin_crud_flow" time="1.015" /></testsuite></testsuites>