<?xml version="1.0" encoding="utf-8"?><testsuites name="pytest tests"><testsuite name="pytest" errors="0" failures="1" skipped="0" tests="21" time="37.224" timestamp="2026-08-14T01:27:57.024831+00:00" hostname="agent-env-4360db21-8e9f-43f9-9458-b6dbe2dd3c8e"><testcase classname="backend.tests.test_session3" name="test_master_admin_login" time="0.699" /><testcase classname="backend.tests.test_session3" name="test_old_admin_removed" time="0.516"><failure message="assert 200 == 401&#10; +  where 200 = &lt;Response [200]&gt;.status_code">backend/tests/test_session3.py:74: in test_old_admin_removed
    assert r.status_code == 401
E   assert 200 == 401
E    +  where 200 = &lt;Response [200]&gt;.status_code</failure></testcase><testcase classname="backend.tests.test_session3" name="test_products_include_three_appforge_tiers" time="0.134" /><testcase classname="backend.tests.test_session3" name="test_checkout_returns_payment_link[appforge-starter]" time="0.057" /><testcase classname="backend.tests.test_session3" name="test_checkout_returns_payment_link[appforge-builder]" time="0.056" /><testcase classname="backend.tests.test_session3" name="test_checkout_returns_payment_link[appforge-studio]" time="0.051" /><testcase classname="backend.tests.test_session3" name="test_appforge_access_admin" time="0.059" /><testcase classname="backend.tests.test_session3" name="test_appforge_access_anon" time="0.054" /><testcase classname="backend.tests.test_session3" name="test_appforge_access_fresh_customer" time="0.636" /><testcase classname="backend.tests.test_session3" name="test_appforge_generate_denied_for_fresh_customer" time="0.572" /><testcase classname="backend.tests.test_session3" name="test_appforge_generate_admin_and_download" time="26.649" /><testcase classname="backend.tests.test_session3" name="test_access_code_universal_flow" time="1.502" /><testcase classname="backend.tests.test_session3" name="test_access_code_product_scoped" time="0.906" /><testcase classname="backend.tests.test_session3" name="test_access_code_creation_forbidden_for_customer" time="0.532" /><testcase classname="backend.tests.test_session3" name="test_admin_users_list" time="0.069" /><testcase classname="backend.tests.test_session3" name="test_admin_users_role_change_and_delete" time="0.933" /><testcase classname="backend.tests.test_session3" name="test_admin_endpoints_access" time="2.606" /><testcase classname="backend.tests.test_session3" name="test_admin_grant_universal_entitlement" time="0.627" /><testcase classname="backend.tests.test_session3" name="test_admin_settings_get" time="0.060" /><testcase classname="backend.tests.test_session3" name="test_admin_settings_update_tax_mode" time="0.147" /><testcase classname="backend.tests.test_session3" name="test_admin_settings_invalid_stripe_key" time="0.063" /></testsuite></testsuites>