<?xml version="1.0" encoding="utf-8"?><testsuites name="pytest tests"><testsuite name="pytest" errors="0" failures="0" skipped="0" tests="19" time="166.320" timestamp="2026-08-14T01:52:49.366278+00:00" hostname="agent-env-4360db21-8e9f-43f9-9458-b6dbe2dd3c8e"><testcase classname="backend.tests.test_session4.TestChangePassword" name="test_wrong_current" time="1.234" /><testcase classname="backend.tests.test_session4.TestChangePassword" name="test_same_password" time="0.561" /><testcase classname="backend.tests.test_session4.TestChangePassword" name="test_success_and_login" time="2.010" /><testcase classname="backend.tests.test_session4.TestAdminDiagnostics" name="test_test_email_admin" time="0.668" /><testcase classname="backend.tests.test_session4.TestAdminDiagnostics" name="test_test_email_non_admin" time="0.250" /><testcase classname="backend.tests.test_session4.TestAdminDiagnostics" name="test_test_email_anon" time="0.249" /><testcase classname="backend.tests.test_session4.TestAdminDiagnostics" name="test_test_stripe_admin" time="1.337" /><testcase classname="backend.tests.test_session4.TestAdminDiagnostics" name="test_test_stripe_non_admin" time="0.219" /><testcase classname="backend.tests.test_session4.TestAppforgeGetGeneration" name="test_get_owner" time="67.753" /><testcase classname="backend.tests.test_session4.TestAppforgeGetGeneration" name="test_get_non_owner" time="0.157" /><testcase classname="backend.tests.test_session4.TestAppforgeGetGeneration" name="test_get_unknown" time="0.200" /><testcase classname="backend.tests.test_session4.TestAppforgeUpdateFile" name="test_update_existing" time="0.353" /><testcase classname="backend.tests.test_session4.TestAppforgeUpdateFile" name="test_create_new" time="0.470" /><testcase classname="backend.tests.test_session4.TestAppforgeUpdateFile" name="test_path_traversal_rejected" time="0.199" /><testcase classname="backend.tests.test_session4.TestAppforgeUpdateFile" name="test_non_owner_forbidden" time="0.178" /><testcase classname="backend.tests.test_session4.TestAppforgePreview" name="test_preview_landing" time="0.142" /><testcase classname="backend.tests.test_session4.TestAppforgePreview" name="test_preview_non_owner" time="0.145" /><testcase classname="backend.tests.test_session4.TestAppforgeRefine" name="test_refine_fresh_customer_402" time="0.240" /><testcase classname="backend.tests.test_session4.TestAppforgeRefine" name="test_refine_admin_success" time="89.666" /></testsuite></testsuites>